2025-03-01 11:09:21,173 - trading_bot - INFO - Connecting to Telegram...
2025-03-01 11:09:21,220 - telethon.network.mtprotosender - INFO - Connecting to 149.154.175.54:443/TcpFull...
2025-03-01 11:09:21,273 - telethon.network.mtprotosender - INFO - Connection to 149.154.175.54:443/TcpFull complete!
2025-03-01 11:09:22,498 - trading_bot - ERROR - Error selecting account: 'utf-8' codec can't decode byte 0xff in position 0: invalid start byte
2025-03-01 11:09:22,498 - trading_bot - ERROR - Account selection failed. Exiting.
2025-03-01 11:09:23,649 - trading_bot - INFO - Connecting to Telegram...
2025-03-01 11:09:23,696 - telethon.network.mtprotosender - INFO - Connecting to 149.154.175.54:443/TcpFull...
2025-03-01 11:09:23,749 - telethon.network.mtprotosender - INFO - Connection to 149.154.175.54:443/TcpFull complete!
2025-03-01 11:09:31,462 - trading_bot - INFO - Selected account: ID: 1011989, Account Number: 60, Balance: 25341.50
2025-03-01 11:09:31,463 - trading_bot - INFO - Bot is now running. Press Ctrl+C to stop.
2025-03-01 11:09:46,192 - trading_bot - INFO - [36m[2025-03-01 11:09:43][0m Received message: Buy limit  XAUUSD 2834-2831


TP 2840
TP 2850
TP 2860
TP 2870
TP OPEN 

SL 2830

USE SMALL LOT SIZE

@Traders_HIVE
2025-03-01 11:09:46,192 - trading_bot - INFO - Using account ID: 1011989
2025-03-01 11:09:46,594 - trading_bot - INFO - [36m[2025-03-01 11:09:43][0m: Position sizes: [0.42, 0.42, 0.42]
2025-03-01 11:24:24,056 - telethon.client.updates - INFO - Got difference for account updates
2025-03-01 11:27:12,620 - telethon.network.mtprotosender - INFO - Disconnecting from 149.154.175.54:443/TcpFull...
2025-03-01 11:27:12,621 - telethon.network.mtprotosender - INFO - Disconnection from 149.154.175.54:443/TcpFull complete!
2025-03-01 11:31:37,452 - trading_bot - INFO - Connecting to Telegram...
2025-03-01 11:31:37,454 - telethon.network.mtprotosender - INFO - Connecting to 149.154.175.54:443/TcpFull...
2025-03-01 11:31:37,504 - telethon.network.mtprotosender - INFO - Connection to 149.154.175.54:443/TcpFull complete!
2025-03-01 11:31:40,831 - tradelocker_api.accounts - INFO - Selected account: 1011989 saved to selected_account.json
2025-03-01 11:31:40,831 - trading_bot - INFO - Selected account: ID: 1011989, Account Number: 60, Balance: 25341.50
2025-03-01 11:31:40,832 - drawdown_manager - INFO - Loaded drawdown data: max_drawdown=24000.0, starting=25000.0
2025-03-01 11:31:40,832 - drawdown_manager - INFO - Scheduling next drawdown reset at 2025-03-01 18:00:00 EST
2025-03-01 11:31:40,832 - trading_bot - INFO - Starting position monitoring...
2025-03-01 11:31:40,832 - trading_bot - INFO - Bot is now running. Press Ctrl+C to stop.
2025-03-01 11:31:40,832 - pos_monitor - INFO - Starting position monitoring service
2025-03-01 11:31:59,831 - trading_bot - INFO - [36m[2025-03-01 11:31:57][0m Received message: Buy limit  XAUUSD 2834-2831


TP 2840
TP 2850
TP 2860
TP 2870
TP OPEN 

SL 2830

USE SMALL LOT SIZE

@Traders_HIVE
2025-03-01 11:31:59,831 - trading_bot - INFO - Using account ID: 1011989
2025-03-01 11:32:00,311 - tradelocker_api.accounts - INFO - Selected account: 1011989 saved to selected_account.json
2025-03-01 11:32:00,721 - risk_management - INFO - Account balance: 25341.5, Closest tier: 25000, Risk percentage for XAUUSD: 2.0%
2025-03-01 11:32:00,722 - risk_management - INFO - Calculated position sizes: [0.42, 0.42, 0.42], Risk amount: 506.83
2025-03-01 11:32:00,722 - trading_bot - INFO - [36m[2025-03-01 11:31:57][0m: Position sizes: [0.42, 0.42, 0.42]
2025-03-01 11:32:01,186 - tradelocker_api.accounts - INFO - Selected account: 1011989 saved to selected_account.json
2025-03-01 11:32:01,186 - order_handler - INFO - [36m[2025-03-01 11:31:57][0m: Placing 3 orders in parallel...
2025-03-01 11:32:01,379 - tradelocker_api.orders - INFO - Order placed successfully: {'s': 'error', 'errmsg': 'Order cannot be created since trading out of session is forbidden.'}
2025-03-01 11:32:01,418 - tradelocker_api.orders - INFO - Order placed successfully: {'s': 'error', 'errmsg': 'Order cannot be created since trading out of session is forbidden.'}
2025-03-01 11:32:01,448 - tradelocker_api.orders - INFO - Order placed successfully: {'s': 'error', 'errmsg': 'Order cannot be created since trading out of session is forbidden.'}
2025-03-01 11:32:01,448 - order_handler - INFO - [36m[2025-03-01 11:31:57][0m: Order placed successfully: {'s': 'error', 'errmsg': 'Order cannot be created since trading out of session is forbidden.'}
2025-03-01 11:32:01,448 - order_handler - INFO - [36m[2025-03-01 11:31:57][0m: Order placed successfully: {'s': 'error', 'errmsg': 'Order cannot be created since trading out of session is forbidden.'}
2025-03-01 11:32:01,448 - order_handler - INFO - [36m[2025-03-01 11:31:57][0m: Order placed successfully: {'s': 'error', 'errmsg': 'Order cannot be created since trading out of session is forbidden.'}
2025-03-01 11:32:47,564 - trading_bot - INFO - [36m[2025-03-01 11:32:45][0m Received message: Sell us30

43840
TP 43800
TP 43740
TP 43700
TP 4350p
TP OPEN 

SL 43890

@Traders_HIVE
2025-03-01 11:32:47,564 - trading_bot - INFO - Using account ID: 1011989
2025-03-01 11:32:47,732 - tradelocker_api.accounts - INFO - Selected account: 1011989 saved to selected_account.json
2025-03-01 11:32:47,732 - risk_management - INFO - Calculated position sizes: [0.68, 0.68, 0.68], Risk amount: 506.83
2025-03-01 11:32:47,732 - trading_bot - INFO - [36m[2025-03-01 11:32:45][0m: Position sizes: [0.68, 0.68, 0.68]
2025-03-01 11:32:48,206 - tradelocker_api.accounts - INFO - Selected account: 1011989 saved to selected_account.json
2025-03-01 11:32:48,206 - order_handler - INFO - [36m[2025-03-01 11:32:45][0m: Placing 3 orders in parallel...
2025-03-01 11:32:48,409 - tradelocker_api.orders - INFO - Order placed successfully: {'s': 'error', 'errmsg': 'Order cannot be created since trading out of session is forbidden.'}
2025-03-01 11:32:48,432 - tradelocker_api.orders - INFO - Order placed successfully: {'s': 'error', 'errmsg': 'Order cannot be created since trading out of session is forbidden.'}
2025-03-01 11:32:48,442 - tradelocker_api.orders - INFO - Order placed successfully: {'s': 'error', 'errmsg': 'Order cannot be created since trading out of session is forbidden.'}
2025-03-01 11:32:48,442 - order_handler - INFO - [36m[2025-03-01 11:32:45][0m: Order placed successfully: {'s': 'error', 'errmsg': 'Order cannot be created since trading out of session is forbidden.'}
2025-03-01 11:32:48,442 - order_handler - INFO - [36m[2025-03-01 11:32:45][0m: Order placed successfully: {'s': 'error', 'errmsg': 'Order cannot be created since trading out of session is forbidden.'}
2025-03-01 11:32:48,442 - order_handler - INFO - [36m[2025-03-01 11:32:45][0m: Order placed successfully: {'s': 'error', 'errmsg': 'Order cannot be created since trading out of session is forbidden.'}
2025-03-01 11:37:02,726 - tradelocker_api.api_client - WARNING - Request failed, retrying in 0.5s: 
2025-03-01 15:02:18,305 - trading_bot - INFO - Connecting to Telegram...
2025-03-01 15:02:18,310 - telethon.network.mtprotosender - INFO - Connecting to 149.154.175.54:443/TcpFull...
2025-03-01 15:02:18,379 - telethon.network.mtprotosender - INFO - Connection to 149.154.175.54:443/TcpFull complete!
2025-03-01 15:02:21,182 - tradelocker_api.accounts - INFO - Selected account: 1011989 saved to selected_account.json
2025-03-01 15:02:21,182 - trading_bot - INFO - Selected account: ID: 1011989, Account Number: 60, Balance: 25341.50
2025-03-01 15:02:21,182 - drawdown_manager - INFO - Loaded drawdown data: max_drawdown=24000.0, starting=25000.0
2025-03-01 15:02:21,182 - drawdown_manager - INFO - Scheduling next drawdown reset at 2025-03-01 18:00:00 EST
2025-03-01 15:02:21,183 - trading_bot - INFO - Starting position monitoring...
2025-03-01 15:02:21,183 - trading_bot - INFO - Bot is now running. Press Ctrl+C to stop.
2025-03-01 15:02:21,183 - pos_monitor - INFO - Starting position monitoring service
2025-03-01 15:02:46,157 - telethon.network.mtprotosender - INFO - Disconnecting from 149.154.175.54:443/TcpFull...
2025-03-01 15:02:46,158 - telethon.network.mtprotosender - INFO - Disconnection from 149.154.175.54:443/TcpFull complete!
2025-03-01 15:02:46,160 - trading_bot - INFO - Performing cleanup...
2025-03-01 15:02:46,160 - telethon.network.mtprotosender - INFO - Not disconnecting (already have no connection)
2025-03-01 15:02:46,163 - trading_bot - INFO - Cleanup completed.
2025-03-01 15:07:14,697 - trading_bot - INFO - Connecting to Telegram...
2025-03-01 15:07:14,699 - telethon.network.mtprotosender - INFO - Connecting to 149.154.175.54:443/TcpFull...
2025-03-01 15:07:14,749 - telethon.network.mtprotosender - INFO - Connection to 149.154.175.54:443/TcpFull complete!
2025-03-01 15:07:23,080 - tradelocker_api.accounts - INFO - Selected account: 1011989 saved to selected_account.json
2025-03-01 15:07:23,080 - trading_bot - INFO - Selected account: ID: 1011989, Account Number: 60, Balance: 25341.50
2025-03-01 15:07:23,080 - drawdown_manager - INFO - Loaded drawdown data: max_drawdown=24000.0, starting=25000.0
2025-03-01 15:07:23,081 - drawdown_manager - INFO - Scheduling next drawdown reset at 2025-03-01 18:00:00 EST
2025-03-01 15:07:23,081 - trading_bot - INFO - Starting position monitoring...
2025-03-01 15:07:23,081 - trading_bot - INFO - Bot is now running. Press Ctrl+C to stop.
2025-03-01 15:07:23,081 - pos_monitor - INFO - Starting position monitoring service
2025-03-01 15:07:41,463 - telethon.client.updates - INFO - Got difference for account updates
2025-03-01 15:08:06,623 - telethon.client.updates - INFO - Got difference for account updates
2025-03-01 15:08:18,019 - telethon.client.updates - INFO - Got difference for account updates
2025-03-01 15:12:54,220 - telethon.network.mtprotosender - INFO - Disconnecting from 149.154.175.54:443/TcpFull...
2025-03-01 15:12:54,221 - telethon.network.mtprotosender - INFO - Disconnection from 149.154.175.54:443/TcpFull complete!
2025-03-01 15:12:54,223 - trading_bot - INFO - Performing cleanup...
2025-03-01 15:12:54,224 - telethon.network.mtprotosender - INFO - Not disconnecting (already have no connection)
2025-03-01 15:12:54,226 - trading_bot - INFO - Cleanup completed.
2025-03-01 15:12:56,956 - trading_bot - INFO - Connecting to Telegram...
2025-03-01 15:12:56,958 - telethon.network.mtprotosender - INFO - Connecting to 149.154.175.54:443/TcpFull...
2025-03-01 15:12:57,002 - telethon.network.mtprotosender - INFO - Connection to 149.154.175.54:443/TcpFull complete!
2025-03-01 15:13:00,122 - tradelocker_api.accounts - INFO - Selected account: 1011989 saved to selected_account.json
2025-03-01 15:13:00,122 - trading_bot - INFO - Selected account: ID: 1011989, Account Number: 60, Balance: 25341.50
2025-03-01 15:13:00,123 - drawdown_manager - INFO - Loaded drawdown data: max_drawdown=24000.0, starting=25000.0
2025-03-01 15:13:00,123 - drawdown_manager - INFO - Scheduling next drawdown reset at 2025-03-01 18:00:00 EST
2025-03-01 15:13:00,123 - trading_bot - INFO - Starting position monitoring...
2025-03-01 15:13:00,123 - trading_bot - INFO - Bot is now running. Press Ctrl+C to stop.
2025-03-01 15:13:00,124 - pos_monitor - INFO - Starting position monitoring service
2025-03-01 15:13:34,408 - telethon.network.mtprotosender - INFO - Disconnecting from 149.154.175.54:443/TcpFull...
2025-03-01 15:13:34,409 - telethon.network.mtprotosender - INFO - Disconnection from 149.154.175.54:443/TcpFull complete!
2025-03-01 15:13:34,412 - trading_bot - INFO - Performing cleanup...
2025-03-01 15:13:34,413 - telethon.network.mtprotosender - INFO - Not disconnecting (already have no connection)
2025-03-01 15:13:34,415 - trading_bot - INFO - Cleanup completed.
2025-03-01 15:17:11,561 - trading_bot - INFO - Connecting to Telegram...
2025-03-01 15:17:11,562 - telethon.network.mtprotosender - INFO - Connecting to 149.154.175.54:443/TcpFull...
2025-03-01 15:17:11,616 - telethon.network.mtprotosender - INFO - Connection to 149.154.175.54:443/TcpFull complete!
2025-03-01 15:17:14,752 - tradelocker_api.endpoints.accounts - INFO - Selected account: 1011989 saved to selected_account.json
2025-03-01 15:17:14,753 - trading_bot - INFO - Selected account: ID: 1011989, Account Number: 60, Balance: 25341.50
2025-03-01 15:17:14,760 - services.drawdown_manager - INFO - Loaded drawdown data: max_drawdown=24341.5, starting=25341.5
2025-03-01 15:17:14,761 - services.drawdown_manager - INFO - Scheduling next drawdown reset at 2025-03-01 18:00:00 EST
2025-03-01 15:17:14,761 - trading_bot - INFO - Starting position monitoring...
2025-03-01 15:17:14,761 - trading_bot - INFO - Bot is now running. Press Ctrl+C to stop.
2025-03-01 15:17:14,761 - services.pos_monitor - INFO - Starting position monitoring service
2025-03-01 15:17:29,642 - telethon.client.updates - INFO - Got difference for channel 2486712356 updates
2025-03-01 15:17:31,737 - trading_bot - INFO - [36m[2025-03-01 15:17:28][0m Received message: Sell us30

43840
TP 43800
TP 43740
TP 43700
TP 4350p
TP OPEN 

SL 43890

@Traders_HIVE
2025-03-01 15:17:31,737 - trading_bot - INFO - Using account ID: 1011989
2025-03-01 15:17:32,090 - tradelocker_api.endpoints.accounts - INFO - Selected account: 1011989 saved to selected_account.json
2025-03-01 15:17:32,745 - core.risk_management - INFO - Calculated position sizes: [0.68, 0.68, 0.68], Risk amount: 506.83
2025-03-01 15:17:32,746 - trading_bot - INFO - [36m[2025-03-01 15:17:28][0m: Position sizes: [0.68, 0.68, 0.68]
2025-03-01 15:17:32,924 - tradelocker_api.endpoints.accounts - INFO - Selected account: 1011989 saved to selected_account.json
2025-03-01 15:17:32,924 - services.order_handler - INFO - [36m[2025-03-01 15:17:28][0m: Placing 3 orders in parallel...
2025-03-01 15:17:33,109 - tradelocker_api.endpoints.orders - INFO - Order placed successfully: {'s': 'error', 'errmsg': 'Order cannot be created since trading out of session is forbidden.'}
2025-03-01 15:17:33,121 - tradelocker_api.endpoints.orders - INFO - Order placed successfully: {'s': 'error', 'errmsg': 'Order cannot be created since trading out of session is forbidden.'}
2025-03-01 15:17:33,390 - trading_bot - INFO - [36m[2025-03-01 11:32:45][0m Received message: Sell us30

43840
TP 43800
TP 43740
TP 43700
TP 4350p
TP OPEN 

SL 43890

@Traders_HIVE
2025-03-01 15:17:33,390 - trading_bot - INFO - Using account ID: 1011989
2025-03-01 15:17:33,524 - tradelocker_api.endpoints.accounts - INFO - Selected account: 1011989 saved to selected_account.json
2025-03-01 15:17:33,524 - core.risk_management - INFO - Calculated position sizes: [0.68, 0.68, 0.68], Risk amount: 506.83
2025-03-01 15:17:33,524 - trading_bot - INFO - [36m[2025-03-01 11:32:45][0m: Position sizes: [0.68, 0.68, 0.68]
2025-03-01 15:17:33,525 - tradelocker_api.endpoints.orders - INFO - Order placed successfully: {'s': 'error', 'errmsg': 'Order cannot be created since trading out of session is forbidden.'}
2025-03-01 15:17:33,525 - services.order_handler - INFO - [36m[2025-03-01 15:17:28][0m: Order placed successfully: {'s': 'error', 'errmsg': 'Order cannot be created since trading out of session is forbidden.'}
2025-03-01 15:17:33,525 - services.order_handler - INFO - [36m[2025-03-01 15:17:28][0m: Order placed successfully: {'s': 'error', 'errmsg': 'Order cannot be created since trading out of session is forbidden.'}
2025-03-01 15:17:33,526 - services.order_handler - INFO - [36m[2025-03-01 15:17:28][0m: Order placed successfully: {'s': 'error', 'errmsg': 'Order cannot be created since trading out of session is forbidden.'}
2025-03-01 15:17:33,895 - tradelocker_api.endpoints.accounts - INFO - Selected account: 1011989 saved to selected_account.json
2025-03-01 15:17:33,895 - services.order_handler - INFO - [36m[2025-03-01 11:32:45][0m: Placing 3 orders in parallel...
2025-03-01 15:17:34,031 - tradelocker_api.endpoints.orders - INFO - Order placed successfully: {'s': 'error', 'errmsg': 'Order cannot be created since trading out of session is forbidden.'}
2025-03-01 15:17:34,058 - tradelocker_api.endpoints.orders - INFO - Order placed successfully: {'s': 'error', 'errmsg': 'Order cannot be created since trading out of session is forbidden.'}
2025-03-01 15:17:34,379 - tradelocker_api.endpoints.orders - INFO - Order placed successfully: {'s': 'error', 'errmsg': 'Order cannot be created since trading out of session is forbidden.'}
2025-03-01 15:17:34,379 - services.order_handler - INFO - [36m[2025-03-01 11:32:45][0m: Order placed successfully: {'s': 'error', 'errmsg': 'Order cannot be created since trading out of session is forbidden.'}
2025-03-01 15:17:34,379 - services.order_handler - INFO - [36m[2025-03-01 11:32:45][0m: Order placed successfully: {'s': 'error', 'errmsg': 'Order cannot be created since trading out of session is forbidden.'}
2025-03-01 15:17:34,379 - services.order_handler - INFO - [36m[2025-03-01 11:32:45][0m: Order placed successfully: {'s': 'error', 'errmsg': 'Order cannot be created since trading out of session is forbidden.'}
2025-03-01 15:18:02,094 - core.signal_parser - INFO - Not a valid trading signal
2025-03-01 15:18:02,094 - trading_bot - INFO - [36m[2025-03-01 15:18:01][0m Received invalid signal: fadfas
2025-03-01 15:32:11,927 - telethon.client.updates - WARNING - Cannot get difference since the account is likely misusing the session: Could not find a matching Constructor ID for the TLObject that was supposed to be read with ID 38116ee0. See the FAQ for more details. Remaining bytes: b'\xe0n\x118\x02\x01\x80\x00N\x00\x00\x00"\x17QY\r\xb4\x16r\x01\x00\x00\x00\x1e7\xa5\xa2$88\x94\x00\x00\x00\x00yk\xc3g\x06fadfas\x00\xc2\x0f\xd6\x83\x00\x00\x00\x00\x00\x00\x00\x00O\x00\x00\x00O\x00\x00\x00\x01\x00\x00\x00\x10n.\x92\x00\x00\x00\x00$88\x94\x00\x00\x00\x00N\x00\x00\x00\x00\x00\x00\x00O\x00\x00\x00\x15\xc4\xb5\x1c\x01\x00\x00\x00d\x94%\x83Aa\x04\x00\x00\x00\x00\x00$88\x94\x00\x00\x00\x00\x94\xd5G\xec\x86S\xa6\x86\x0bCooking Lab\x0fhello1231134121\x11\x1cn\x1c\x02\x00\x00\x00B\xac1\x1bJF\xc0D\x16\x01\x08\x08\x89"\x81-D\xca\xc3p\x19\xc9?\xa5\x14QIj&\xec\x7f\x00\x01\x00\x00\x00e\x07\x18g\xd5$\xb2_\xbf:\x00\x00\x18\x04\x12\x9f\x00\x04\x02\x00\xff\xff\xff\x7f\x15\xc4\xb5\x1c\x01\x00\x00\x00(\xc6\x97\x8f{\x04\x00\x12\x00\x00\x00\x00\r\xb4\x16r\x01\x00\x00\x00Rwp\xff\x9dN\xdbX\x04John\x00\x00\x00\x0funcrownedKing24\x0b15512410650\x06\xf7\xd1\x82\x02\x00\x00\x00?\xad1\x1b\xb6\x11\xb1F\x11\x01\x08\x08\xab\xb8\x0b|\xff\x00\xb3\xe9\xcd\x14QRkc\x00\x00\x01\x00\x00\x00?p\x8c\x00\x7fl\xc3g>*l\xa5\xfa\xdb\x01\x00\x00\x00\x00\x00\xcbn\xc3g\x83\x14\x00\x001.\x00\x00'
2025-03-01 15:32:11,927 - telethon.network.mtprotosender - INFO - Disconnecting from 149.154.175.54:443/TcpFull...
2025-03-01 15:32:11,927 - telethon.network.mtprotosender - INFO - Disconnection from 149.154.175.54:443/TcpFull complete!
2025-03-01 15:32:11,931 - telethon.network.mtprotosender - INFO - Not disconnecting (already have no connection)
2025-03-01 15:32:11,934 - trading_bot - ERROR - Unexpected error in main loop: Could not find a matching Constructor ID for the TLObject that was supposed to be read with ID 38116ee0. See the FAQ for more details. Remaining bytes: b'\xe0n\x118\x02\x01\x80\x00N\x00\x00\x00"\x17QY\r\xb4\x16r\x01\x00\x00\x00\x1e7\xa5\xa2$88\x94\x00\x00\x00\x00yk\xc3g\x06fadfas\x00\xc2\x0f\xd6\x83\x00\x00\x00\x00\x00\x00\x00\x00O\x00\x00\x00O\x00\x00\x00\x01\x00\x00\x00\x10n.\x92\x00\x00\x00\x00$88\x94\x00\x00\x00\x00N\x00\x00\x00\x00\x00\x00\x00O\x00\x00\x00\x15\xc4\xb5\x1c\x01\x00\x00\x00d\x94%\x83Aa\x04\x00\x00\x00\x00\x00$88\x94\x00\x00\x00\x00\x94\xd5G\xec\x86S\xa6\x86\x0bCooking Lab\x0fhello1231134121\x11\x1cn\x1c\x02\x00\x00\x00B\xac1\x1bJF\xc0D\x16\x01\x08\x08\x89"\x81-D\xca\xc3p\x19\xc9?\xa5\x14QIj&\xec\x7f\x00\x01\x00\x00\x00e\x07\x18g\xd5$\xb2_\xbf:\x00\x00\x18\x04\x12\x9f\x00\x04\x02\x00\xff\xff\xff\x7f\x15\xc4\xb5\x1c\x01\x00\x00\x00(\xc6\x97\x8f{\x04\x00\x12\x00\x00\x00\x00\r\xb4\x16r\x01\x00\x00\x00Rwp\xff\x9dN\xdbX\x04John\x00\x00\x00\x0funcrownedKing24\x0b15512410650\x06\xf7\xd1\x82\x02\x00\x00\x00?\xad1\x1b\xb6\x11\xb1F\x11\x01\x08\x08\xab\xb8\x0b|\xff\x00\xb3\xe9\xcd\x14QRkc\x00\x00\x01\x00\x00\x00?p\x8c\x00\x7fl\xc3g>*l\xa5\xfa\xdb\x01\x00\x00\x00\x00\x00\xcbn\xc3g\x83\x14\x00\x001.\x00\x00'
Traceback (most recent call last):
  File "C:\Users\Uncrowned King\Downloads\tradeLockerV3\main.py", line 338, in run
    await self.client.run_until_disconnected()
  File "C:\Users\Uncrowned King\Downloads\tradeLockerV3\.venv\Lib\site-packages\telethon\client\updates.py", line 38, in _run_until_disconnected
    raise self._updates_error
  File "C:\Users\Uncrowned King\Downloads\tradeLockerV3\.venv\Lib\site-packages\telethon\client\updates.py", line 308, in _update_loop
    diff = await self(get_diff)
           ^^^^^^^^^^^^^^^^^^^^
  File "C:\Users\Uncrowned King\Downloads\tradeLockerV3\.venv\Lib\site-packages\telethon\client\users.py", line 30, in __call__
    return await self._call(self._sender, request, ordered=ordered)
           ^^^^^^^^^^^^^^^^^^^^^^^^^^^^^^^^^^^^^^^^^^^^^^^^^^^^^^^^
  File "C:\Users\Uncrowned King\Downloads\tradeLockerV3\.venv\Lib\site-packages\telethon\client\users.py", line 92, in _call
    result = await future
             ^^^^^^^^^^^^
  File "C:\Users\Uncrowned King\Downloads\tradeLockerV3\.venv\Lib\site-packages\telethon\network\mtprotosender.py", line 641, in _handle_rpc_result
    result = state.request.read_result(reader)
  File "C:\Users\Uncrowned King\Downloads\tradeLockerV3\.venv\Lib\site-packages\telethon\tl\tlobject.py", line 219, in read_result
    return reader.tgread_object()
           ~~~~~~~~~~~~~~~~~~~~^^
  File "C:\Users\Uncrowned King\Downloads\tradeLockerV3\.venv\Lib\site-packages\telethon\extensions\binaryreader.py", line 142, in tgread_object
    return clazz.from_reader(self)
           ~~~~~~~~~~~~~~~~~^^^^^^
  File "C:\Users\Uncrowned King\Downloads\tradeLockerV3\.venv\Lib\site-packages\telethon\tl\types\updates.py", line 253, in from_reader
    _x = reader.tgread_object()
  File "C:\Users\Uncrowned King\Downloads\tradeLockerV3\.venv\Lib\site-packages\telethon\extensions\binaryreader.py", line 142, in tgread_object
    return clazz.from_reader(self)
           ~~~~~~~~~~~~~~~~~^^^^^^
  File "C:\Users\Uncrowned King\Downloads\tradeLockerV3\.venv\Lib\site-packages\telethon\tl\types\__init__.py", line 40064, in from_reader
    _message = reader.tgread_object()
  File "C:\Users\Uncrowned King\Downloads\tradeLockerV3\.venv\Lib\site-packages\telethon\extensions\binaryreader.py", line 140, in tgread_object
    raise error
telethon.errors.common.TypeNotFoundError: Could not find a matching Constructor ID for the TLObject that was supposed to be read with ID 38116ee0. See the FAQ for more details. Remaining bytes: b'\xe0n\x118\x02\x01\x80\x00N\x00\x00\x00"\x17QY\r\xb4\x16r\x01\x00\x00\x00\x1e7\xa5\xa2$88\x94\x00\x00\x00\x00yk\xc3g\x06fadfas\x00\xc2\x0f\xd6\x83\x00\x00\x00\x00\x00\x00\x00\x00O\x00\x00\x00O\x00\x00\x00\x01\x00\x00\x00\x10n.\x92\x00\x00\x00\x00$88\x94\x00\x00\x00\x00N\x00\x00\x00\x00\x00\x00\x00O\x00\x00\x00\x15\xc4\xb5\x1c\x01\x00\x00\x00d\x94%\x83Aa\x04\x00\x00\x00\x00\x00$88\x94\x00\x00\x00\x00\x94\xd5G\xec\x86S\xa6\x86\x0bCooking Lab\x0fhello1231134121\x11\x1cn\x1c\x02\x00\x00\x00B\xac1\x1bJF\xc0D\x16\x01\x08\x08\x89"\x81-D\xca\xc3p\x19\xc9?\xa5\x14QIj&\xec\x7f\x00\x01\x00\x00\x00e\x07\x18g\xd5$\xb2_\xbf:\x00\x00\x18\x04\x12\x9f\x00\x04\x02\x00\xff\xff\xff\x7f\x15\xc4\xb5\x1c\x01\x00\x00\x00(\xc6\x97\x8f{\x04\x00\x12\x00\x00\x00\x00\r\xb4\x16r\x01\x00\x00\x00Rwp\xff\x9dN\xdbX\x04John\x00\x00\x00\x0funcrownedKing24\x0b15512410650\x06\xf7\xd1\x82\x02\x00\x00\x00?\xad1\x1b\xb6\x11\xb1F\x11\x01\x08\x08\xab\xb8\x0b|\xff\x00\xb3\xe9\xcd\x14QRkc\x00\x00\x01\x00\x00\x00?p\x8c\x00\x7fl\xc3g>*l\xa5\xfa\xdb\x01\x00\x00\x00\x00\x00\xcbn\xc3g\x83\x14\x00\x001.\x00\x00'
2025-03-01 15:32:11,950 - trading_bot - INFO - Performing cleanup...
2025-03-01 15:32:11,951 - telethon.network.mtprotosender - INFO - Not disconnecting (already have no connection)
2025-03-01 15:32:11,953 - trading_bot - INFO - Cleanup completed.
2025-03-01 15:33:14,289 - trading_bot - INFO - Connecting to Telegram...
2025-03-01 15:33:14,290 - telethon.network.mtprotosender - INFO - Connecting to 149.154.175.54:443/TcpFull...
2025-03-01 15:33:14,335 - telethon.network.mtprotosender - INFO - Connection to 149.154.175.54:443/TcpFull complete!
2025-03-01 15:33:17,550 - tradelocker_api.endpoints.accounts - INFO - Selected account: 1011989 saved to selected_account.json
2025-03-01 15:33:17,550 - trading_bot - INFO - Selected account: ID: 1011989, Account Number: 60, Balance: 25341.50
2025-03-01 15:33:17,551 - services.drawdown_manager - INFO - Loaded drawdown data: max_drawdown=24341.5, starting=25341.5
2025-03-01 15:33:17,551 - services.drawdown_manager - INFO - Scheduling next drawdown reset at 2025-03-01 18:00:00 EST
2025-03-01 15:33:17,551 - trading_bot - INFO - Starting position monitoring...
2025-03-01 15:33:17,551 - trading_bot - INFO - Bot is now running. Press Ctrl+C to stop.
2025-03-01 15:33:17,551 - services.pos_monitor - INFO - Starting position monitoring service
2025-03-01 15:38:03,580 - telethon.network.mtprotosender - INFO - Disconnecting from 149.154.175.54:443/TcpFull...
2025-03-01 15:38:03,580 - telethon.network.mtprotosender - INFO - Disconnection from 149.154.175.54:443/TcpFull complete!
2025-03-01 15:38:03,584 - trading_bot - INFO - Performing cleanup...
2025-03-01 15:38:03,585 - telethon.network.mtprotosender - INFO - Not disconnecting (already have no connection)
2025-03-01 15:38:03,587 - trading_bot - INFO - Cleanup completed.
2025-03-01 15:38:05,491 - trading_bot - INFO - Connecting to Telegram...
2025-03-01 15:38:05,492 - telethon.network.mtprotosender - INFO - Connecting to 149.154.175.54:443/TcpFull...
2025-03-01 15:38:05,544 - telethon.network.mtprotosender - INFO - Connection to 149.154.175.54:443/TcpFull complete!
2025-03-01 15:38:08,296 - tradelocker_api.endpoints.accounts - INFO - Selected account: 1011989 saved to selected_account.json
2025-03-01 15:38:08,296 - trading_bot - INFO - Selected account: ID: 1011989, Account Number: 60, Balance: 25341.50
2025-03-01 15:38:08,296 - services.drawdown_manager - INFO - Loaded drawdown data: max_drawdown=24341.5, starting=25341.5
2025-03-01 15:38:08,297 - services.drawdown_manager - INFO - Scheduling next drawdown reset at 2025-03-01 18:00:00 EST
2025-03-01 15:38:08,297 - trading_bot - INFO - Starting position monitoring...
2025-03-01 15:38:08,297 - trading_bot - INFO - Bot is now running. Press Ctrl+C to stop.
2025-03-01 15:38:08,297 - services.pos_monitor - INFO - Starting position monitoring service
2025-03-01 15:41:47,513 - telethon.network.mtprotosender - INFO - Disconnecting from 149.154.175.54:443/TcpFull...
2025-03-01 15:41:47,513 - telethon.network.mtprotosender - INFO - Disconnection from 149.154.175.54:443/TcpFull complete!
2025-03-01 15:41:47,517 - trading_bot - INFO - Performing cleanup...
2025-03-01 15:41:47,517 - telethon.network.mtprotosender - INFO - Not disconnecting (already have no connection)
2025-03-01 15:41:47,520 - trading_bot - INFO - Cleanup completed.
